22:15:22.844 [sandbox-akka.actor.default-dispatcher-4] INFO  akka.event.slf4j.Slf4jLogger - Slf4jLogger started 
22:15:32.601 [program-resource-pool-4] INFO  c.d.p.apiserver.LedgerApiServer - Listening on localhost:6865 over plain text. 
22:15:32.668 [program-resource-pool-1] INFO  com.daml.platform.sandboxnext.Runner - Initialized sandbox version 1.18.1 with ledger-id = 43e5ff9b-3fe6-4b40-bf7f-d2f4332b9083, port = 6865, dar file = List(.daml/dist/insurance-0.0.1.dar), time mode = wall-clock time, ledger = in-memory, auth-service = AuthServiceWildcard$, contract ids seeding = strong 
22:45:29.226 [sandbox-akka.actor.default-dispatcher-4] INFO  akka.event.slf4j.Slf4jLogger - Slf4jLogger started 
22:45:39.218 [program-resource-pool-1] ERROR c.d.p.apiserver.LedgerApiServer - Failed to create LedgerApiServer 
com.daml.platform.apiserver.GrpcServer$UnableToBind: The API server was unable to bind to port 6865. Terminate the process occupying the port, or choose a different one.
Caused by: java.net.BindException: Address already in use
	at java.base/sun.nio.ch.Net.bind0(Native Method)
	at java.base/sun.nio.ch.Net.bind(Net.java:555)
	at java.base/sun.nio.ch.ServerSocketChannelImpl.netBind(ServerSocketChannelImpl.java:337)
	at java.base/sun.nio.ch.ServerSocketChannelImpl.bind(ServerSocketChannelImpl.java:294)
	at io.netty.channel.socket.nio.NioServerSocketChannel.doBind(NioServerSocketChannel.java:134)
	at io.netty.channel.AbstractChannel$AbstractUnsafe.bind(AbstractChannel.java:562)
	at io.netty.channel.DefaultChannelPipeline$HeadContext.bind(DefaultChannelPipeline.java:1334)
	at io.netty.channel.AbstractChannelHandlerContext.invokeBind(AbstractChannelHandlerContext.java:506)
	at io.netty.channel.AbstractChannelHandlerContext.bind(AbstractChannelHandlerContext.java:491)
	at io.netty.channel.DefaultChannelPipeline.bind(DefaultChannelPipeline.java:973)
	at io.netty.channel.AbstractChannel.bind(AbstractChannel.java:260)
	at io.netty.bootstrap.AbstractBootstrap$2.run(AbstractBootstrap.java:356)
	at io.netty.util.concurrent.AbstractEventExecutor.safeExecute(AbstractEventExecutor.java:164)
	at io.netty.util.concurrent.SingleThreadEventExecutor.runAllTasks(SingleThreadEventExecutor.java:469)
	at io.netty.channel.nio.NioEventLoop.run(NioEventLoop.java:500)
	at io.netty.util.concurrent.SingleThreadEventExecutor$4.run(SingleThreadEventExecutor.java:986)
	at io.netty.util.internal.ThreadExecutorMap$2.run(ThreadExecutorMap.java:74)
	at io.netty.util.concurrent.FastThreadLocalRunnable.run(FastThreadLocalRunnable.java:30)
	at java.base/java.lang.Thread.run(Thread.java:833)
22:45:39.445 [scala-execution-context-global-84] ERROR com.daml.resources.ProgramResource - Shutting down because of an initialization error. 
com.daml.platform.apiserver.GrpcServer$UnableToBind: The API server was unable to bind to port 6865. Terminate the process occupying the port, or choose a different one.
Caused by: java.net.BindException: Address already in use
	at java.base/sun.nio.ch.Net.bind0(Native Method)
	at java.base/sun.nio.ch.Net.bind(Net.java:555)
	at java.base/sun.nio.ch.ServerSocketChannelImpl.netBind(ServerSocketChannelImpl.java:337)
	at java.base/sun.nio.ch.ServerSocketChannelImpl.bind(ServerSocketChannelImpl.java:294)
	at io.netty.channel.socket.nio.NioServerSocketChannel.doBind(NioServerSocketChannel.java:134)
	at io.netty.channel.AbstractChannel$AbstractUnsafe.bind(AbstractChannel.java:562)
	at io.netty.channel.DefaultChannelPipeline$HeadContext.bind(DefaultChannelPipeline.java:1334)
	at io.netty.channel.AbstractChannelHandlerContext.invokeBind(AbstractChannelHandlerContext.java:506)
	at io.netty.channel.AbstractChannelHandlerContext.bind(AbstractChannelHandlerContext.java:491)
	at io.netty.channel.DefaultChannelPipeline.bind(DefaultChannelPipeline.java:973)
	at io.netty.channel.AbstractChannel.bind(AbstractChannel.java:260)
	at io.netty.bootstrap.AbstractBootstrap$2.run(AbstractBootstrap.java:356)
	at io.netty.util.concurrent.AbstractEventExecutor.safeExecute(AbstractEventExecutor.java:164)
	at io.netty.util.concurrent.SingleThreadEventExecutor.runAllTasks(SingleThreadEventExecutor.java:469)
	at io.netty.channel.nio.NioEventLoop.run(NioEventLoop.java:500)
	at io.netty.util.concurrent.SingleThreadEventExecutor$4.run(SingleThreadEventExecutor.java:986)
	at io.netty.util.internal.ThreadExecutorMap$2.run(ThreadExecutorMap.java:74)
	at io.netty.util.concurrent.FastThreadLocalRunnable.run(FastThreadLocalRunnable.java:30)
	at java.base/java.lang.Thread.run(Thread.java:833)
22:46:39.252 [sandbox-akka.actor.default-dispatcher-4] INFO  akka.event.slf4j.Slf4jLogger - Slf4jLogger started 
22:46:50.710 [program-resource-pool-3] INFO  c.d.p.apiserver.LedgerApiServer - Listening on localhost:6865 over plain text. 
22:46:50.760 [program-resource-pool-3] INFO  com.daml.platform.sandboxnext.Runner - Initialized sandbox version 1.18.1 with ledger-id = 0365cb86-d408-4321-8270-54a197f80d53, port = 6865, dar file = List(.daml/dist/insurance-0.0.1.dar), time mode = wall-clock time, ledger = in-memory, auth-service = AuthServiceWildcard$, contract ids seeding = strong 
23:27:31.532 [sandbox-akka.actor.default-dispatcher-4] INFO  akka.event.slf4j.Slf4jLogger - Slf4jLogger started 
23:27:41.015 [program-resource-pool-3] INFO  c.d.p.apiserver.LedgerApiServer - Listening on localhost:6865 over plain text. 
23:27:41.081 [program-resource-pool-4] INFO  com.daml.platform.sandboxnext.Runner - Initialized sandbox version 1.18.1 with ledger-id = 07e8434c-fc13-48b1-af33-2dc070e388c7, port = 6865, dar file = List(.daml/dist/insurance-0.0.1.dar), time mode = wall-clock time, ledger = in-memory, auth-service = AuthServiceWildcard$, contract ids seeding = strong 
